2025-05-23T16:49:25.454+05:30  INFO 27600 --- [Address-Book_App] [restartedMain] n.a.a.AddressBookAppApplication          : Starting AddressBookAppApplication using Java 21.0.6 with PID 27600 (C:\Users\KEERTHANA\Documents\workspace-spring-tools-for-eclipse-4.30.0.RELEASE\Address-Book_App\target\classes started by KEERTHANA in C:\Users\KEERTHANA\Documents\workspace-spring-tools-for-eclipse-4.30.0.RELEASE\Address-Book_App)
2025-05-23T16:49:25.457+05:30  INFO 27600 --- [Address-Book_App] [restartedMain] n.a.a.AddressBookAppApplication          : No active profile set, falling back to 1 default profile: "default"
2025-05-23T16:49:25.537+05:30  INFO 27600 --- [Address-Book_App] [restartedMain] .e.DevToolsPropertyDefaultsPostProcessor : Devtools property defaults active! Set 'spring.devtools.add-properties' to 'false' to disable
2025-05-23T16:49:25.537+05:30  INFO 27600 --- [Address-Book_App] [restartedMain] .e.DevToolsPropertyDefaultsPostProcessor : For additional web related logging consider setting the 'logging.level.web' property to 'DEBUG'
2025-05-23T16:49:26.332+05:30  INFO 27600 --- [Address-Book_App] [restartedMain] .s.d.r.c.RepositoryConfigurationDelegate : Bootstrapping Spring Data JPA repositories in DEFAULT mode.
2025-05-23T16:49:26.412+05:30  INFO 27600 --- [Address-Book_App] [restartedMain] .s.d.r.c.RepositoryConfigurationDelegate : Finished Spring Data repository scanning in 64 ms. Found 1 JPA repository interface.
2025-05-23T16:49:27.089+05:30  INFO 27600 --- [Address-Book_App] [restartedMain] o.s.b.w.embedded.tomcat.TomcatWebServer  : Tomcat initialized with port 8080 (http)
2025-05-23T16:49:27.110+05:30  INFO 27600 --- [Address-Book_App] [restartedMain] o.apache.catalina.core.StandardService   : Starting service [Tomcat]
2025-05-23T16:49:27.112+05:30  INFO 27600 --- [Address-Book_App] [restartedMain] o.apache.catalina.core.StandardEngine    : Starting Servlet engine: [Apache Tomcat/10.1.40]
2025-05-23T16:49:27.201+05:30  INFO 27600 --- [Address-Book_App] [restartedMain] o.a.c.c.C.[Tomcat].[localhost].[/]       : Initializing Spring embedded WebApplicationContext
2025-05-23T16:49:27.202+05:30  INFO 27600 --- [Address-Book_App] [restartedMain] w.s.c.ServletWebServerApplicationContext : Root WebApplicationContext: initialization completed in 1662 ms
2025-05-23T16:49:27.424+05:30  INFO 27600 --- [Address-Book_App] [restartedMain] o.hibernate.jpa.internal.util.LogHelper  : HHH000204: Processing PersistenceUnitInfo [name: default]
2025-05-23T16:49:27.543+05:30  INFO 27600 --- [Address-Book_App] [restartedMain] org.hibernate.Version                    : HHH000412: Hibernate ORM core version 6.6.13.Final
2025-05-23T16:49:27.603+05:30  INFO 27600 --- [Address-Book_App] [restartedMain] o.h.c.internal.RegionFactoryInitiator    : HHH000026: Second-level cache disabled
2025-05-23T16:49:28.088+05:30  INFO 27600 --- [Address-Book_App] [restartedMain] o.s.o.j.p.SpringPersistenceUnitInfo      : No LoadTimeWeaver setup: ignoring JPA class transformer
2025-05-23T16:49:28.156+05:30  INFO 27600 --- [Address-Book_App] [restartedMain] com.zaxxer.hikari.HikariDataSource       : HikariPool-1 - Starting...
2025-05-23T16:49:28.641+05:30  INFO 27600 --- [Address-Book_App] [restartedMain] com.zaxxer.hikari.pool.HikariPool        : HikariPool-1 - Added connection com.mysql.cj.jdbc.ConnectionImpl@2314ffcb
2025-05-23T16:49:28.644+05:30  INFO 27600 --- [Address-Book_App] [restartedMain] com.zaxxer.hikari.HikariDataSource       : HikariPool-1 - Start completed.
2025-05-23T16:49:28.741+05:30  WARN 27600 --- [Address-Book_App] [restartedMain] org.hibernate.orm.deprecation            : HHH90000025: MySQL8Dialect does not need to be specified explicitly using 'hibernate.dialect' (remove the property setting and it will be selected by default)
2025-05-23T16:49:28.745+05:30  WARN 27600 --- [Address-Book_App] [restartedMain] org.hibernate.orm.deprecation            : HHH90000026: MySQL8Dialect has been deprecated; use org.hibernate.dialect.MySQLDialect instead
2025-05-23T16:49:28.786+05:30  INFO 27600 --- [Address-Book_App] [restartedMain] org.hibernate.orm.connections.pooling    : HHH10001005: Database info:
	Database JDBC URL [Connecting through datasource 'HikariDataSource (HikariPool-1)']
	Database driver: undefined/unknown
	Database version: 8.0
	Autocommit mode: undefined/unknown
	Isolation level: undefined/unknown
	Minimum pool size: undefined/unknown
	Maximum pool size: undefined/unknown
2025-05-23T16:49:30.024+05:30  INFO 27600 --- [Address-Book_App] [restartedMain] o.h.e.t.j.p.i.JtaPlatformInitiator       : HHH000489: No JTA platform available (set 'hibernate.transaction.jta.platform' to enable JTA platform integration)
2025-05-23T16:49:30.114+05:30  INFO 27600 --- [Address-Book_App] [restartedMain] j.LocalContainerEntityManagerFactoryBean : Initialized JPA EntityManagerFactory for persistence unit 'default'
2025-05-23T16:49:30.503+05:30  WARN 27600 --- [Address-Book_App] [restartedMain] JpaBaseConfiguration$JpaWebConfiguration : spring.jpa.open-in-view is enabled by default. Therefore, database queries may be performed during view rendering. Explicitly configure spring.jpa.open-in-view to disable this warning
2025-05-23T16:49:30.902+05:30  INFO 27600 --- [Address-Book_App] [restartedMain] o.s.b.a.h2.H2ConsoleAutoConfiguration    : H2 console available at '/h2-console'. Database available at 'jdbc:mysql://localhost:3306/ash'
2025-05-23T16:49:30.984+05:30  INFO 27600 --- [Address-Book_App] [restartedMain] o.s.b.d.a.OptionalLiveReloadServer       : LiveReload server is running on port 35729
2025-05-23T16:49:31.044+05:30  INFO 27600 --- [Address-Book_App] [restartedMain] o.s.b.w.embedded.tomcat.TomcatWebServer  : Tomcat started on port 8080 (http) with context path '/'
2025-05-23T16:49:31.058+05:30  INFO 27600 --- [Address-Book_App] [restartedMain] n.a.a.AddressBookAppApplication          : Started AddressBookAppApplication in 6.151 seconds (process running for 6.988)
2025-05-23T16:50:32.081+05:30  INFO 27600 --- [Address-Book_App] [http-nio-8080-exec-1] o.a.c.c.C.[Tomcat].[localhost].[/]       : Initializing Spring DispatcherServlet 'dispatcherServlet'
2025-05-23T16:50:32.081+05:30  INFO 27600 --- [Address-Book_App] [http-nio-8080-exec-1] o.s.web.servlet.DispatcherServlet        : Initializing Servlet 'dispatcherServlet'
2025-05-23T16:50:32.083+05:30  INFO 27600 --- [Address-Book_App] [http-nio-8080-exec-1] o.s.web.servlet.DispatcherServlet        : Completed initialization in 2 ms
2025-05-23T16:52:31.274+05:30  INFO 27600 --- [Address-Book_App] [RMI TCP Connection(11)-127.0.0.1] inMXBeanRegistrar$SpringApplicationAdmin : Application shutdown requested.
2025-05-23T16:52:31.285+05:30  INFO 27600 --- [Address-Book_App] [RMI TCP Connection(11)-127.0.0.1] o.s.b.w.e.tomcat.GracefulShutdown        : Commencing graceful shutdown. Waiting for active requests to complete
2025-05-23T16:52:31.293+05:30  INFO 27600 --- [Address-Book_App] [tomcat-shutdown] o.s.b.w.e.tomcat.GracefulShutdown        : Graceful shutdown complete
2025-05-23T16:52:31.301+05:30  INFO 27600 --- [Address-Book_App] [RMI TCP Connection(11)-127.0.0.1] j.LocalContainerEntityManagerFactoryBean : Closing JPA EntityManagerFactory for persistence unit 'default'
2025-05-23T16:52:31.308+05:30  INFO 27600 --- [Address-Book_App] [RMI TCP Connection(11)-127.0.0.1] com.zaxxer.hikari.HikariDataSource       : HikariPool-1 - Shutdown initiated...
2025-05-23T16:52:31.324+05:30  INFO 27600 --- [Address-Book_App] [RMI TCP Connection(11)-127.0.0.1] com.zaxxer.hikari.HikariDataSource       : HikariPool-1 - Shutdown completed.
